1970-01-01T00:33:41+00:00	docker.logs	{"log":"{\"app_port\":8082,\"level\":\"info\",\"msg\":\"Application running in environment:\",\"runtime_setup\":\"dev\",\"time\":\"2021-06-20T13:38:28Z\"}\n","stream":"stdout"}
1970-01-01T00:33:41+00:00	docker.logs	{"log":"[GIN-debug] [WARNING] Creating an Engine instance with the Logger and Recovery middleware already attached.\n","stream":"stdout"}
1970-01-01T00:33:41+00:00	docker.logs	{"log":"\n","stream":"stdout"}
1970-01-01T00:33:41+00:00	docker.logs	{"log":"[GIN-debug] [WARNING] Running in \"debug\" mode. Switch to \"release\" mode in production.\n","stream":"stdout"}
1970-01-01T00:33:41+00:00	docker.logs	{"log":" - using env:\texport GIN_MODE=release\n","stream":"stdout"}
1970-01-01T00:33:41+00:00	docker.logs	{"log":" - using code:\tgin.SetMode(gin.ReleaseMode)\n","stream":"stdout"}
1970-01-01T00:33:41+00:00	docker.logs	{"log":"\n","stream":"stdout"}
1970-01-01T00:33:41+00:00	docker.logs	{"log":"[GIN-debug] GET    /static/*filepath         --> github.com/gin-gonic/gin.(*RouterGroup).createStaticHandler.func1 (3 handlers)\n","stream":"stdout"}
1970-01-01T00:33:41+00:00	docker.logs	{"log":"[GIN-debug] HEAD   /static/*filepath         --> github.com/gin-gonic/gin.(*RouterGroup).createStaticHandler.func1 (3 handlers)\n","stream":"stdout"}
1970-01-01T00:33:41+00:00	docker.logs	{"log":"[GIN-debug] Loaded HTML Templates (3): \n","stream":"stdout"}
1970-01-01T00:33:41+00:00	docker.logs	{"log":"\t- \n","stream":"stdout"}
1970-01-01T00:33:41+00:00	docker.logs	{"log":"\t- index.html\n","stream":"stdout"}
1970-01-01T00:33:41+00:00	docker.logs	{"log":"\t- library.html\n","stream":"stdout"}
1970-01-01T00:33:41+00:00	docker.logs	{"log":"\n","stream":"stdout"}
1970-01-01T00:33:41+00:00	docker.logs	{"log":"[GIN-debug] GET    /                         --> main.main.func1 (3 handlers)\n","stream":"stdout"}
1970-01-01T00:33:41+00:00	docker.logs	{"log":"[GIN-debug] GET    /collection               --> main.getCollection (3 handlers)\n","stream":"stdout"}
1970-01-01T00:33:41+00:00	docker.logs	{"log":"[GIN-debug] Listening and serving HTTP on 0.0.0.0:8082\n","stream":"stdout"}
1970-01-01T00:33:41+00:00	docker.logs	{"log":"1:C 20 Jun 2021 12:07:53.895 # oO0OoO0OoO0Oo Redis is starting oO0OoO0OoO0Oo\n","stream":"stdout"}
1970-01-01T00:33:41+00:00	docker.logs	{"log":"1:C 20 Jun 2021 12:07:53.895 # Redis version=6.2.4, bits=64, commit=00000000, modified=0, pid=1, just started\n","stream":"stdout"}
1970-01-01T00:33:41+00:00	docker.logs	{"log":"1:C 20 Jun 2021 12:07:53.895 # Warning: no config file specified, using the default config. In order to specify a config file use redis-server /path/to/redis.conf\n","stream":"stdout"}
1970-01-01T00:33:41+00:00	docker.logs	{"log":"1:M 20 Jun 2021 12:07:53.896 * monotonic clock: POSIX clock_gettime\n","stream":"stdout"}
1970-01-01T00:33:41+00:00	docker.logs	{"log":"1:M 20 Jun 2021 12:07:53.897 * Running mode=standalone, port=6379.\n","stream":"stdout"}
1970-01-01T00:33:41+00:00	docker.logs	{"log":"1:M 20 Jun 2021 12:07:53.897 # Server initialized\n","stream":"stdout"}
1970-01-01T00:33:41+00:00	docker.logs	{"log":"1:M 20 Jun 2021 12:07:53.898 * Loading RDB produced by version 6.2.4\n","stream":"stdout"}
1970-01-01T00:33:41+00:00	docker.logs	{"log":"1:M 20 Jun 2021 12:07:53.898 * RDB age 1938 seconds\n","stream":"stdout"}
1970-01-01T00:33:41+00:00	docker.logs	{"log":"1:M 20 Jun 2021 12:07:53.898 * RDB memory usage when created 0.77 Mb\n","stream":"stdout"}
1970-01-01T00:33:41+00:00	docker.logs	{"log":"1:M 20 Jun 2021 12:07:53.898 * DB loaded from disk: 0.000 seconds\n","stream":"stdout"}
1970-01-01T00:33:41+00:00	docker.logs	{"log":"1:M 20 Jun 2021 12:07:53.898 * Ready to accept connections\n","stream":"stdout"}
1970-01-01T00:33:41+00:00	docker.logs	{"log":"1:signal-handler (1624191229) Received SIGTERM scheduling shutdown...\n","stream":"stdout"}
1970-01-01T00:33:41+00:00	docker.logs	{"log":"1:M 20 Jun 2021 12:13:49.415 # User requested shutdown...\n","stream":"stdout"}
1970-01-01T00:33:41+00:00	docker.logs	{"log":"1:M 20 Jun 2021 12:13:49.415 * Saving the final RDB snapshot before exiting.\n","stream":"stdout"}
1970-01-01T00:33:41+00:00	docker.logs	{"log":"1:M 20 Jun 2021 12:13:49.418 * DB saved on disk\n","stream":"stdout"}
1970-01-01T00:33:41+00:00	docker.logs	{"log":"1:M 20 Jun 2021 12:13:49.418 # Redis is now ready to exit, bye bye...\n","stream":"stdout"}
1970-01-01T00:33:41+00:00	docker.logs	{"log":"1:C 20 Jun 2021 12:14:49.108 # oO0OoO0OoO0Oo Redis is starting oO0OoO0OoO0Oo\n","stream":"stdout"}
1970-01-01T00:33:41+00:00	docker.logs	{"log":"1:C 20 Jun 2021 12:14:49.109 # Redis version=6.2.4, bits=64, commit=00000000, modified=0, pid=1, just started\n","stream":"stdout"}
1970-01-01T00:33:41+00:00	docker.logs	{"log":"1:C 20 Jun 2021 12:14:49.109 # Warning: no config file specified, using the default config. In order to specify a config file use redis-server /path/to/redis.conf\n","stream":"stdout"}
1970-01-01T00:33:41+00:00	docker.logs	{"log":"1:M 20 Jun 2021 12:14:49.109 * monotonic clock: POSIX clock_gettime\n","stream":"stdout"}
1970-01-01T00:33:41+00:00	docker.logs	{"log":"1:M 20 Jun 2021 12:14:49.110 * Running mode=standalone, port=6379.\n","stream":"stdout"}
1970-01-01T00:33:41+00:00	docker.logs	{"log":"1:M 20 Jun 2021 12:14:49.110 # Server initialized\n","stream":"stdout"}
1970-01-01T00:33:41+00:00	docker.logs	{"log":"1:M 20 Jun 2021 12:14:49.110 * Loading RDB produced by version 6.2.4\n","stream":"stdout"}
1970-01-01T00:33:41+00:00	docker.logs	{"log":"1:M 20 Jun 2021 12:14:49.110 * RDB age 60 seconds\n","stream":"stdout"}
1970-01-01T00:33:41+00:00	docker.logs	{"log":"1:M 20 Jun 2021 12:14:49.110 * RDB memory usage when created 0.77 Mb\n","stream":"stdout"}
1970-01-01T00:33:41+00:00	docker.logs	{"log":"1:M 20 Jun 2021 12:14:49.110 * DB loaded from disk: 0.000 seconds\n","stream":"stdout"}
1970-01-01T00:33:41+00:00	docker.logs	{"log":"1:M 20 Jun 2021 12:14:49.110 * Ready to accept connections\n","stream":"stdout"}
1970-01-01T00:33:41+00:00	docker.logs	{"log":"1:M 20 Jun 2021 13:22:23.173 * 1 changes in 3600 seconds. Saving...\n","stream":"stdout"}
1970-01-01T00:33:41+00:00	docker.logs	{"log":"1:M 20 Jun 2021 13:22:23.173 * Background saving started by pid 15\n","stream":"stdout"}
1970-01-01T00:33:41+00:00	docker.logs	{"log":"15:C 20 Jun 2021 13:22:23.179 * DB saved on disk\n","stream":"stdout"}
1970-01-01T00:33:41+00:00	docker.logs	{"log":"15:C 20 Jun 2021 13:22:23.180 * RDB: 0 MB of memory used by copy-on-write\n","stream":"stdout"}
1970-01-01T00:33:41+00:00	docker.logs	{"log":"1:M 20 Jun 2021 13:22:23.274 * Background saving terminated with success\n","stream":"stdout"}
1970-01-01T00:33:41+00:00	docker.logs	{"log":"{\"app_port\":8082,\"level\":\"info\",\"msg\":\"Application running in environment:\",\"runtime_setup\":\"dev\",\"time\":\"2021-06-20T13:41:33Z\"}\n","stream":"stdout"}
1970-01-01T00:33:41+00:00	docker.logs	{"log":"[GIN-debug] [WARNING] Creating an Engine instance with the Logger and Recovery middleware already attached.\n","stream":"stdout"}
1970-01-01T00:33:41+00:00	docker.logs	{"log":"\n","stream":"stdout"}
1970-01-01T00:33:41+00:00	docker.logs	{"log":"[GIN-debug] [WARNING] Running in \"debug\" mode. Switch to \"release\" mode in production.\n","stream":"stdout"}
1970-01-01T00:33:41+00:00	docker.logs	{"log":" - using env:\texport GIN_MODE=release\n","stream":"stdout"}
1970-01-01T00:33:41+00:00	docker.logs	{"log":" - using code:\tgin.SetMode(gin.ReleaseMode)\n","stream":"stdout"}
1970-01-01T00:33:41+00:00	docker.logs	{"log":"\n","stream":"stdout"}
1970-01-01T00:33:41+00:00	docker.logs	{"log":"[GIN-debug] GET    /static/*filepath         --> github.com/gin-gonic/gin.(*RouterGroup).createStaticHandler.func1 (3 handlers)\n","stream":"stdout"}
1970-01-01T00:33:41+00:00	docker.logs	{"log":"[GIN-debug] HEAD   /static/*filepath         --> github.com/gin-gonic/gin.(*RouterGroup).createStaticHandler.func1 (3 handlers)\n","stream":"stdout"}
1970-01-01T00:33:41+00:00	docker.logs	{"log":"[GIN-debug] Loaded HTML Templates (3): \n","stream":"stdout"}
1970-01-01T00:33:41+00:00	docker.logs	{"log":"\t- \n","stream":"stdout"}
1970-01-01T00:33:41+00:00	docker.logs	{"log":"\t- index.html\n","stream":"stdout"}
1970-01-01T00:33:41+00:00	docker.logs	{"log":"\t- library.html\n","stream":"stdout"}
1970-01-01T00:33:41+00:00	docker.logs	{"log":"\n","stream":"stdout"}
1970-01-01T00:33:41+00:00	docker.logs	{"log":"[GIN-debug] GET    /                         --> main.main.func1 (3 handlers)\n","stream":"stdout"}
1970-01-01T00:33:41+00:00	docker.logs	{"log":"[GIN-debug] GET    /collection               --> main.getCollection (3 handlers)\n","stream":"stdout"}
1970-01-01T00:33:41+00:00	docker.logs	{"log":"[GIN-debug] Listening and serving HTTP on 0.0.0.0:8082\n","stream":"stdout"}
